TN:
SF:script/DeployBox.s.sol
FN:10,DeployBox.run
FNDA:2,DeployBox.run
DA:11,2
DA:11,2
DA:12,2
DA:12,2
DA:13,2
DA:13,2
DA:14,2
DA:14,2
FNF:1
FNH:1
LF:4
LH:4
BRF:0
BRH:0
end_of_record
TN:
SF:script/DeployMultiSigFactory.s.sol
FN:11,DeployMultiSigFactory.run
FNDA:7,DeployMultiSigFactory.run
DA:12,7
DA:12,7
DA:13,7
DA:13,7
DA:14,7
DA:14,7
DA:15,7
DA:15,7
FNF:1
FNH:1
LF:4
LH:4
BRF:0
BRH:0
end_of_record
TN:
SF:script/DeployMultiSigHandler.s.sol
FN:8,DeployMultiSigHandler.run
FNDA:43,DeployMultiSigHandler.run
DA:12,43
DA:12,43
DA:13,43
DA:13,43
DA:13,43
DA:14,38
DA:14,38
DA:15,38
DA:15,38
FNF:1
FNH:1
LF:4
LH:4
BRF:0
BRH:0
end_of_record
TN:
SF:script/DeployMultiSigWallet.s.sol
FN:8,DeployMultiSigWallet.run
FNDA:85,DeployMultiSigWallet.run
DA:14,85
DA:14,85
DA:15,85
DA:15,85
DA:15,85
DA:18,80
DA:18,80
DA:19,80
DA:19,80
FNF:1
FNH:1
LF:4
LH:4
BRF:0
BRH:0
end_of_record
TN:
SF:script/DeployTestToken.s.sol
FN:8,DeployTestToken.run
FNDA:41,DeployTestToken.run
DA:9,41
DA:9,41
DA:10,41
DA:10,41
DA:10,41
DA:11,41
DA:11,41
DA:12,41
DA:12,41
FNF:1
FNH:1
LF:4
LH:4
BRF:0
BRH:0
end_of_record
TN:
SF:src/Box.sol
FN:7,Box.setNumber
FNDA:1,Box.setNumber
DA:8,1
DA:8,1
FN:11,Box.getNumber
FNDA:1,Box.getNumber
DA:12,1
DA:12,1
FNF:2
FNH:2
LF:2
LH:2
BRF:0
BRH:0
end_of_record
TN:
SF:src/MultiSigFactory.sol
FN:43,MultiSigFactory.createMultiSigWalletAndHandler
FNDA:7,MultiSigFactory.createMultiSigWalletAndHandler
DA:50,7
DA:50,7
DA:51,7
DA:51,7
DA:53,7
DA:53,7
DA:55,7
DA:55,7
FNF:1
FNH:1
LF:4
LH:4
BRF:0
BRH:0
end_of_record
TN:
SF:src/MultiSigHandler.sol
FN:96,MultiSigHandler.
FNDA:14,MultiSigHandler.
DA:97,33
DA:97,33
DA:99,26
DA:99,26
BRDA:99,0,0,14
BRDA:99,0,1,19
DA:100,14
DA:100,14
DA:103,12
DA:103,12
DA:103,12
DA:103,19
BRDA:103,1,0,1
BRDA:103,1,1,18
DA:104,1
DA:104,1
DA:107,11
DA:107,11
DA:107,11
DA:107,11
DA:107,18
DA:107,17
BRDA:107,2,0,1
BRDA:107,2,1,52
DA:108,1
DA:108,1
DA:111,52
DA:111,52
DA:111,51
DA:111,76
DA:112,78
DA:112,78
DA:113,43
DA:113,43
DA:113,43
BRDA:113,3,0,36
BRDA:113,3,1,42
DA:113,36
DA:114,42
DA:114,42
BRDA:114,4,0,1
BRDA:114,4,1,76
DA:114,1
DA:116,41
DA:116,41
DA:118,15
DA:118,15
DA:119,15
DA:119,15
DA:120,15
DA:120,15
FN:123,MultiSigHandler.onlyOwner
FNDA:61,MultiSigHandler.onlyOwner
DA:124,61
DA:124,61
BRDA:124,5,0,1
BRDA:124,5,1,37
DA:125,1
DA:125,1
FN:130,MultiSigHandler.onlySubmitter
FNDA:4,MultiSigHandler.onlySubmitter
DA:131,4
DA:131,4
BRDA:131,6,0,1
BRDA:131,6,1,3
DA:132,1
DA:132,1
FN:137,MultiSigHandler.initialized
FNDA:60,MultiSigHandler.initialized
DA:138,60
DA:138,60
BRDA:138,7,0,-
BRDA:138,7,1,3
DA:139,0
DA:139,0
FN:151,MultiSigHandler.initializeHandler
FNDA:45,MultiSigHandler.initializeHandler
DA:152,45
BRDA:152,8,0,1
BRDA:152,8,1,44
DA:152,1
DA:153,44
DA:153,44
DA:154,44
DA:154,44
FN:166,MultiSigHandler.createProposal
FNDA:38,MultiSigHandler.createProposal
DA:173,36
DA:173,36
BRDA:173,9,0,21
BRDA:173,9,1,15
DA:174,21
DA:174,21
DA:175,15
DA:175,15
BRDA:175,10,0,6
BRDA:175,10,1,9
DA:176,6
DA:176,6
DA:177,9
DA:177,9
BRDA:177,11,0,6
BRDA:177,11,1,3
DA:178,6
DA:178,6
DA:179,3
DA:179,3
BRDA:179,12,0,3
BRDA:179,12,1,-
DA:180,3
DA:180,3
DA:183,0
DA:183,0
DA:186,27
DA:186,27
FN:199,MultiSigHandler.revokeProposal
FNDA:4,MultiSigHandler.revokeProposal
DA:200,3
DA:200,3
DA:201,3
DA:201,3
FN:210,MultiSigHandler.vote
FNDA:61,MultiSigHandler.vote
DA:211,60
DA:211,60
DA:214,60
DA:214,60
BRDA:214,13,0,1
BRDA:214,13,1,59
DA:214,1
DA:215,59
DA:215,59
BRDA:215,14,0,1
BRDA:215,14,1,58
DA:215,1
DA:218,58
DA:218,58
BRDA:218,15,0,-
BRDA:218,15,1,1
DA:219,3
DA:219,3
BRDA:219,16,0,-
BRDA:219,16,1,1
DA:220,1
DA:220,1
DA:221,1
DA:221,1
DA:226,57
DA:226,57
BRDA:226,17,0,1
BRDA:226,17,1,56
DA:226,1
DA:229,56
DA:229,56
BRDA:229,18,0,1
BRDA:229,18,1,55
DA:230,1
DA:230,1
DA:231,1
DA:231,1
DA:234,55
DA:234,55
DA:235,55
DA:235,55
DA:238,55
DA:238,55
BRDA:238,19,0,-
BRDA:238,19,1,14
DA:239,14
DA:239,14
DA:242,55
DA:242,55
FN:255,MultiSigHandler._createProposal
FNDA:27,MultiSigHandler._createProposal
DA:262,27
DA:262,27
DA:263,27
DA:263,27
DA:275,27
DA:275,27
DA:277,27
DA:277,27
FN:285,MultiSigHandler.executeProposal
FNDA:17,MultiSigHandler.executeProposal
DA:286,17
DA:286,17
DA:289,17
DA:289,17
BRDA:289,20,0,1
BRDA:289,20,1,-
DA:291,4
DA:291,4
BRDA:291,21,0,1
BRDA:291,21,1,3
DA:291,1
DA:294,3
DA:294,3
BRDA:294,22,0,1
BRDA:294,22,1,2
DA:294,1
DA:297,2
DA:297,2
BRDA:297,23,0,-
BRDA:297,23,1,1
DA:298,1
DA:298,1
DA:298,1
DA:298,1
BRDA:298,24,0,-
BRDA:298,24,1,1
DA:299,1
DA:299,1
DA:300,1
DA:300,1
DA:304,1
DA:304,1
BRDA:304,25,0,1
BRDA:304,25,1,-
DA:304,1
DA:309,13
DA:309,13
BRDA:309,26,0,-
BRDA:309,26,1,5
DA:310,5
DA:310,5
DA:311,5
DA:311,5
DA:312,5
DA:312,5
DA:315,8
DA:315,8
BRDA:315,27,0,-
BRDA:315,27,1,3
DA:316,3
DA:316,3
DA:317,3
DA:317,3
DA:318,3
DA:318,3
DA:321,5
DA:321,5
BRDA:321,28,0,-
BRDA:321,28,1,4
DA:322,4
DA:322,4
DA:323,4
DA:323,4
DA:326,1
DA:326,1
BRDA:326,29,0,-
BRDA:326,29,1,1
DA:327,1
DA:327,1
DA:330,13
DA:330,13
FN:334,MultiSigHandler._manageHandlerOwners
FNDA:8,MultiSigHandler._manageHandlerOwners
DA:335,8
DA:335,8
BRDA:335,30,0,5
BRDA:335,30,1,3
DA:336,5
DA:336,5
DA:337,5
DA:337,5
DA:338,3
DA:338,3
BRDA:338,31,0,3
BRDA:338,31,1,3
DA:339,3
DA:339,3
DA:340,3
DA:340,3
FN:344,MultiSigHandler._addOwnerCheck
FNDA:21,MultiSigHandler._addOwnerCheck
DA:345,21
DA:345,21
DA:345,21
BRDA:345,32,0,1
BRDA:345,32,1,20
DA:346,1
DA:346,1
DA:349,20
DA:349,20
BRDA:349,33,0,1
BRDA:349,33,1,19
DA:350,1
DA:350,1
FN:354,MultiSigHandler._removeOwnerCheck
FNDA:6,MultiSigHandler._removeOwnerCheck
DA:355,6
DA:355,6
DA:355,6
BRDA:355,34,0,1
BRDA:355,34,1,5
DA:356,1
DA:356,1
DA:359,5
DA:359,5
BRDA:359,35,0,1
BRDA:359,35,1,4
DA:360,1
DA:360,1
DA:363,4
DA:363,4
DA:363,4
BRDA:363,36,0,1
BRDA:363,36,1,3
DA:364,1
DA:364,1
FN:368,MultiSigHandler._changeRequiredApprovalsCheck
FNDA:6,MultiSigHandler._changeRequiredApprovalsCheck
DA:370,6
DA:370,6
DA:370,6
BRDA:370,37,0,1
BRDA:370,37,1,5
DA:371,1
DA:371,1
DA:375,5
DA:375,5
DA:375,5
BRDA:375,38,0,1
BRDA:375,38,1,4
DA:376,1
DA:376,1
DA:380,4
DA:380,4
DA:380,4
BRDA:380,39,0,-
BRDA:380,39,1,4
DA:381,0
DA:381,0
FN:385,MultiSigHandler._changeNameCheck
FNDA:3,MultiSigHandler._changeNameCheck
DA:386,3
DA:386,3
DA:386,3
DA:388,3
DA:388,3
DA:388,3
DA:388,3
BRDA:388,40,0,1
BRDA:388,40,1,2
DA:389,1
DA:389,1
DA:391,2
DA:391,2
DA:391,2
DA:391,2
BRDA:391,41,0,1
BRDA:391,41,1,1
DA:392,1
DA:392,1
FN:396,MultiSigHandler.getLatestProposal
FNDA:1,MultiSigHandler.getLatestProposal
DA:397,1
DA:397,1
FN:400,MultiSigHandler.getProposalVotes
FNDA:1,MultiSigHandler.getProposalVotes
DA:401,1
DA:401,1
FN:404,MultiSigHandler.getProposalStatus
FNDA:5,MultiSigHandler.getProposalStatus
DA:405,5
DA:405,5
DA:405,5
FN:408,MultiSigHandler.getRequiredVotes
FNDA:1,MultiSigHandler.getRequiredVotes
DA:409,1
DA:409,1
FN:412,MultiSigHandler.getOwnerStatus
FNDA:1,MultiSigHandler.getOwnerStatus
DA:413,1
DA:413,1
FNF:20
FNH:20
LF:111
LH:108
BRF:84
BRH:70
end_of_record
TN:
SF:src/MultiSigWallet.sol
FN:113,MultiSigWallet.
FNDA:25,MultiSigWallet.
DA:120,25
DA:120,25
DA:123,25
DA:123,25
BRDA:123,0,0,6
BRDA:123,0,1,14
DA:123,6
DA:126,14
DA:126,14
DA:126,14
DA:126,8
BRDA:126,1,0,1
BRDA:126,1,1,13
DA:127,1
DA:127,1
DA:132,13
DA:132,13
DA:132,13
DA:132,13
DA:132,8
DA:133,12
DA:133,12
BRDA:131,2,0,6
BRDA:131,2,1,12
DA:135,6
DA:135,6
DA:139,7
DA:139,7
DA:139,33
DA:139,26
DA:140,28
DA:140,28
DA:141,28
DA:141,28
BRDA:141,3,0,1
BRDA:141,3,1,27
DA:141,1
DA:142,27
DA:142,27
DA:142,27
BRDA:142,4,0,1
BRDA:142,4,1,26
DA:142,1
DA:144,26
DA:144,26
DA:147,5
DA:147,5
DA:148,5
DA:148,5
DA:149,10
DA:149,10
DA:150,5
DA:150,5
DA:151,10
DA:151,10
FN:158,MultiSigWallet.onlyHandler
FNDA:4,MultiSigWallet.onlyHandler
DA:159,4
DA:159,4
BRDA:159,5,0,1
BRDA:159,5,1,12
DA:160,1
DA:160,1
FN:165,MultiSigWallet.onlyOwner
FNDA:35,MultiSigWallet.onlyOwner
DA:166,35
DA:166,35
BRDA:166,6,0,1
BRDA:166,6,1,10
DA:167,1
DA:167,1
FN:172,MultiSigWallet.onlyOriginator
FNDA:3,MultiSigWallet.onlyOriginator
DA:173,3
DA:173,3
BRDA:173,7,0,1
BRDA:173,7,1,2
DA:174,1
DA:174,1
FN:179,MultiSigWallet.TransactionExists
FNDA:34,MultiSigWallet.TransactionExists
DA:180,34
DA:180,34
BRDA:180,8,0,1
BRDA:180,8,1,9
DA:181,1
DA:181,1
FN:206,MultiSigWallet.submitERC20Transaction
FNDA:5,MultiSigWallet.submitERC20Transaction
DA:211,4
DA:211,4
DA:211,4
DA:211,4
BRDA:211,9,0,1
BRDA:211,9,1,3
DA:212,1
DA:212,1
DA:215,3
DA:215,3
DA:215,3
DA:217,3
DA:217,3
DA:217,3
BRDA:217,10,0,1
BRDA:217,10,1,2
DA:218,1
DA:218,1
DA:220,2
DA:220,2
DA:222,2
DA:222,2
DA:222,2
DA:224,2
DA:224,2
DA:234,2
DA:234,2
FN:246,MultiSigWallet.submitRawTransaction
FNDA:20,MultiSigWallet.submitRawTransaction
DA:247,19
DA:247,19
DA:248,19
DA:248,19
DA:248,19
DA:256,19
DA:256,19
DA:258,19
DA:258,19
DA:259,19
DA:259,19
DA:260,19
DA:260,19
FN:268,MultiSigWallet.revokeTransaction
FNDA:4,MultiSigWallet.revokeTransaction
DA:273,2
DA:273,2
DA:274,2
DA:274,2
FN:282,MultiSigWallet.approveTransaction
FNDA:35,MultiSigWallet.approveTransaction
DA:283,33
DA:283,33
DA:285,33
DA:285,33
BRDA:285,11,0,1
BRDA:285,11,1,32
DA:286,1
DA:286,1
DA:289,32
DA:289,32
BRDA:289,12,0,1
BRDA:289,12,1,31
DA:290,1
DA:290,1
DA:292,31
DA:292,31
BRDA:292,13,0,1
BRDA:292,13,1,30
DA:293,1
DA:293,1
DA:296,30
DA:296,30
BRDA:296,14,0,1
BRDA:296,14,1,29
DA:297,1
DA:297,1
DA:298,1
DA:298,1
DA:301,29
DA:301,29
DA:302,29
DA:302,29
DA:304,29
DA:304,29
BRDA:304,15,0,-
BRDA:304,15,1,9
DA:305,9
DA:305,9
DA:307,29
DA:307,29
FN:327,MultiSigWallet.executeTransaction
FNDA:10,MultiSigWallet.executeTransaction
DA:333,9
DA:333,9
DA:335,9
DA:335,9
BRDA:335,16,0,1
BRDA:335,16,1,8
DA:336,1
DA:336,1
DA:339,8
DA:339,8
BRDA:339,17,0,1
BRDA:339,17,1,7
DA:340,1
DA:340,1
DA:343,7
DA:343,7
DA:345,7
DA:345,7
DA:345,7
DA:347,7
DA:347,7
BRDA:347,18,0,1
BRDA:347,18,1,6
DA:348,1
DA:348,1
DA:351,6
DA:351,6
DA:353,6
DA:353,6
FN:373,MultiSigWallet.addOwner
FNDA:6,MultiSigWallet.addOwner
DA:374,5
DA:374,5
DA:375,5
DA:375,5
DA:376,5
DA:376,5
FN:388,MultiSigWallet.removeOwner
FNDA:4,MultiSigWallet.removeOwner
DA:389,3
DA:389,3
DA:390,3
DA:390,3
DA:391,3
DA:391,3
FN:404,MultiSigWallet.changeRequiredApprovals
FNDA:13,MultiSigWallet.changeRequiredApprovals
DA:405,12
DA:405,12
FN:418,MultiSigWallet.changeName
FNDA:2,MultiSigWallet.changeName
DA:419,1
DA:419,1
FN:426,MultiSigWallet.getName
FNDA:5,MultiSigWallet.getName
DA:427,5
DA:427,5
FN:430,MultiSigWallet.isOwner
FNDA:28,MultiSigWallet.isOwner
DA:431,28
DA:431,28
FN:434,MultiSigWallet.getOwnersLength
FNDA:9,MultiSigWallet.getOwnersLength
DA:435,9
DA:435,9
FN:438,MultiSigWallet.getRequiredApprovals
FNDA:23,MultiSigWallet.getRequiredApprovals
DA:439,23
DA:439,23
FN:442,MultiSigWallet.getMinimumApprovals
FNDA:8,MultiSigWallet.getMinimumApprovals
DA:443,8
DA:443,8
FN:446,MultiSigWallet.getTransactionStatus
FNDA:5,MultiSigWallet.getTransactionStatus
DA:447,5
DA:447,5
DA:447,5
FN:450,MultiSigWallet.getTransactionApprovals
FNDA:1,MultiSigWallet.getTransactionApprovals
DA:451,1
DA:451,1
FN:454,MultiSigWallet.getTransaction
FNDA:1,MultiSigWallet.getTransaction
DA:459,1
DA:459,1
FN:468,MultiSigWallet.getTransactionsLength
FNDA:2,MultiSigWallet.getTransactionsLength
DA:469,2
DA:469,2
FN:472,MultiSigWallet.getBalance
FNDA:1,MultiSigWallet.getBalance
DA:473,1
DA:473,1
FN:476,MultiSigWallet.getERC20Balance
FNDA:1,MultiSigWallet.getERC20Balance
DA:477,1
DA:477,1
DA:477,1
FNF:25
FNH:25
LF:87
LH:87
BRF:38
BRH:37
end_of_record
TN:
SF:src/TestToken.sol
FN:7,TestToken.
FNDA:0,TestToken.
DA:8,0
DA:8,0
FNF:1
FNH:0
LF:1
LH:0
BRF:0
BRH:0
end_of_record
