TN:
SF:script/DeployBox.s.sol
FN:10,DeployBox.run
FNDA:2,DeployBox.run
DA:11,2
DA:11,2
DA:12,2
DA:12,2
DA:13,2
DA:13,2
DA:14,2
DA:14,2
FNF:1
FNH:1
LF:4
LH:4
BRF:0
BRH:0
end_of_record
TN:
SF:script/DeployMultiSigFactory.s.sol
FN:11,DeployMultiSigFactory.run
FNDA:1,DeployMultiSigFactory.run
DA:12,1
DA:12,1
DA:13,1
DA:13,1
DA:14,1
DA:14,1
DA:15,1
DA:15,1
FNF:1
FNH:1
LF:4
LH:4
BRF:0
BRH:0
end_of_record
TN:
SF:script/DeployMultiSigHandler.s.sol
FN:8,DeployMultiSigHandler.run
FNDA:40,DeployMultiSigHandler.run
DA:12,40
DA:12,40
DA:13,40
DA:13,40
DA:13,40
DA:14,38
DA:14,38
DA:15,38
DA:15,38
FNF:1
FNH:1
LF:4
LH:4
BRF:0
BRH:0
end_of_record
TN:
SF:script/DeployMultiSigWallet.s.sol
FN:8,DeployMultiSigWallet.run
FNDA:81,DeployMultiSigWallet.run
DA:14,81
DA:14,81
DA:15,81
DA:15,81
DA:15,81
DA:18,79
DA:18,79
DA:19,79
DA:19,79
FNF:1
FNH:1
LF:4
LH:4
BRF:0
BRH:0
end_of_record
TN:
SF:script/DeployTestToken.s.sol
FN:8,DeployTestToken.run
FNDA:40,DeployTestToken.run
DA:9,40
DA:9,40
DA:10,40
DA:10,40
DA:10,40
DA:11,40
DA:11,40
DA:12,40
DA:12,40
FNF:1
FNH:1
LF:4
LH:4
BRF:0
BRH:0
end_of_record
TN:
SF:src/Box.sol
FN:7,Box.setNumber
FNDA:1,Box.setNumber
DA:8,1
DA:8,1
FN:11,Box.getNumber
FNDA:1,Box.getNumber
DA:12,1
DA:12,1
FNF:2
FNH:2
LF:2
LH:2
BRF:0
BRH:0
end_of_record
TN:
SF:src/MultiSigFactory.sol
FN:10,MultiSigFactory.createMultiSigWalletAndHandler
FNDA:1,MultiSigFactory.createMultiSigWalletAndHandler
DA:18,1
DA:18,1
DA:18,1
DA:19,1
DA:19,1
DA:20,1
DA:20,1
DA:21,1
DA:21,1
DA:23,1
DA:23,1
DA:24,1
DA:24,1
FNF:1
FNH:1
LF:6
LH:6
BRF:0
BRH:0
end_of_record
TN:
SF:src/MultiSigHandler.sol
FN:82,MultiSigHandler.
FNDA:8,MultiSigHandler.
DA:83,18
DA:83,18
BRDA:83,0,0,1
BRDA:83,0,1,10
DA:84,1
DA:84,1
DA:87,6
DA:87,6
DA:87,6
DA:87,5
BRDA:87,1,0,1
BRDA:87,1,1,5
DA:88,1
DA:88,1
DA:91,5
DA:91,5
DA:91,30
DA:91,45
DA:92,25
DA:92,25
DA:92,25
BRDA:92,2,0,-
BRDA:92,2,1,25
DA:93,0
DA:93,0
DA:95,25
DA:95,25
BRDA:95,3,0,-
BRDA:95,3,1,25
DA:96,0
DA:96,0
DA:99,25
DA:99,25
DA:101,5
DA:101,5
DA:102,25
DA:102,25
FN:105,MultiSigHandler.onlyOwner
FNDA:40,MultiSigHandler.onlyOwner
DA:106,40
DA:106,40
BRDA:106,4,0,1
BRDA:106,4,1,33
DA:107,1
DA:107,1
FN:112,MultiSigHandler.onlySubmitter
FNDA:4,MultiSigHandler.onlySubmitter
DA:113,4
DA:113,4
BRDA:113,5,0,1
BRDA:113,5,1,3
DA:114,1
DA:114,1
FN:119,MultiSigHandler.initialized
FNDA:39,MultiSigHandler.initialized
DA:120,39
DA:120,39
BRDA:120,6,0,-
BRDA:120,6,1,3
DA:121,0
DA:121,0
FN:126,MultiSigHandler.initializeHandler
FNDA:39,MultiSigHandler.initializeHandler
DA:127,39
BRDA:127,7,0,1
BRDA:127,7,1,38
DA:128,1
DA:128,1
DA:130,38
DA:130,38
DA:131,38
DA:131,38
FN:134,MultiSigHandler.createProposal
FNDA:34,MultiSigHandler.createProposal
DA:141,32
DA:141,32
BRDA:141,8,0,21
BRDA:141,8,1,11
DA:142,21
DA:142,21
DA:143,11
DA:143,11
BRDA:143,9,0,3
BRDA:143,9,1,8
DA:144,3
DA:144,3
DA:145,8
DA:145,8
BRDA:145,10,0,5
BRDA:145,10,1,3
DA:146,5
DA:146,5
DA:147,3
DA:147,3
BRDA:147,11,0,3
BRDA:147,11,1,-
DA:148,3
DA:148,3
DA:150,0
DA:150,0
DA:153,23
DA:153,23
FN:156,MultiSigHandler.revokeProposal
FNDA:4,MultiSigHandler.revokeProposal
DA:157,3
DA:157,3
DA:158,3
DA:158,3
FN:161,MultiSigHandler.vote
FNDA:40,MultiSigHandler.vote
DA:162,39
DA:162,39
DA:164,39
DA:164,39
BRDA:164,12,0,-
BRDA:164,12,1,1
DA:165,3
DA:165,3
BRDA:165,13,0,-
BRDA:165,13,1,1
DA:166,1
DA:166,1
DA:167,1
DA:167,1
DA:171,38
DA:171,38
BRDA:171,14,0,1
BRDA:171,14,1,37
DA:172,1
DA:172,1
DA:175,37
DA:175,37
BRDA:175,15,0,1
BRDA:175,15,1,36
DA:176,1
DA:176,1
DA:179,36
DA:179,36
BRDA:179,16,0,1
BRDA:179,16,1,35
DA:180,1
DA:180,1
DA:181,1
DA:181,1
DA:184,35
DA:184,35
BRDA:184,17,0,1
BRDA:184,17,1,34
DA:185,1
DA:185,1
DA:188,34
DA:188,34
DA:189,34
DA:189,34
DA:191,34
DA:191,34
BRDA:191,18,0,-
BRDA:191,18,1,10
DA:192,10
DA:192,10
DA:195,34
DA:195,34
FN:198,MultiSigHandler._createProposal
FNDA:23,MultiSigHandler._createProposal
DA:205,23
DA:205,23
DA:206,23
DA:206,23
DA:218,23
DA:218,23
FN:221,MultiSigHandler.executeProposal
FNDA:13,MultiSigHandler.executeProposal
DA:222,13
DA:222,13
DA:224,13
DA:224,13
BRDA:224,19,0,2
BRDA:224,19,1,-
DA:225,4
DA:225,4
BRDA:225,20,0,1
BRDA:225,20,1,3
DA:226,1
DA:226,1
DA:228,3
DA:228,3
BRDA:228,21,0,1
BRDA:228,21,1,2
DA:229,1
DA:229,1
DA:231,2
DA:231,2
DA:231,2
DA:231,0
BRDA:231,22,0,-
BRDA:231,22,1,2
DA:232,0
DA:232,0
DA:235,2
DA:235,2
BRDA:235,23,0,2
BRDA:235,23,1,-
DA:236,2
DA:236,2
DA:239,9
DA:239,9
BRDA:239,24,0,-
BRDA:239,24,1,5
DA:240,5
DA:240,5
DA:241,5
DA:241,5
DA:242,5
DA:242,5
DA:243,4
DA:243,4
BRDA:243,25,0,-
BRDA:243,25,1,1
DA:244,1
DA:244,1
DA:245,1
DA:245,1
DA:246,1
DA:246,1
DA:247,3
DA:247,3
BRDA:247,26,0,-
BRDA:247,26,1,2
DA:248,2
DA:248,2
DA:249,1
DA:249,1
BRDA:249,27,0,-
BRDA:249,27,1,1
DA:250,1
DA:250,1
DA:253,9
DA:253,9
FN:257,MultiSigHandler._manageHandlerOwners
FNDA:6,MultiSigHandler._manageHandlerOwners
DA:258,6
DA:258,6
BRDA:258,28,0,5
BRDA:258,28,1,1
DA:259,5
DA:259,5
DA:260,5
DA:260,5
DA:261,1
DA:261,1
BRDA:261,29,0,1
BRDA:261,29,1,1
DA:262,1
DA:262,1
DA:263,1
DA:263,1
FN:267,MultiSigHandler._addOwnerCheck
FNDA:21,MultiSigHandler._addOwnerCheck
DA:268,21
DA:268,21
DA:268,21
BRDA:268,30,0,1
BRDA:268,30,1,20
DA:269,1
DA:269,1
DA:272,20
DA:272,20
BRDA:272,31,0,1
BRDA:272,31,1,19
DA:273,1
DA:273,1
FN:277,MultiSigHandler._removeOwnerCheck
FNDA:3,MultiSigHandler._removeOwnerCheck
DA:278,3
DA:278,3
DA:278,3
BRDA:278,32,0,1
BRDA:278,32,1,2
DA:279,1
DA:279,1
DA:282,2
DA:282,2
BRDA:282,33,0,1
BRDA:282,33,1,1
DA:283,1
DA:283,1
FN:287,MultiSigHandler._changeRequiredApprovalsCheck
FNDA:5,MultiSigHandler._changeRequiredApprovalsCheck
DA:288,5
DA:288,5
DA:288,5
BRDA:288,34,0,1
BRDA:288,34,1,4
DA:289,1
DA:289,1
DA:292,4
DA:292,4
BRDA:292,35,0,1
BRDA:292,35,1,3
DA:293,1
DA:293,1
DA:296,3
DA:296,3
DA:296,3
BRDA:296,36,0,1
BRDA:296,36,1,2
DA:297,1
DA:297,1
FN:301,MultiSigHandler._changeNameCheck
FNDA:3,MultiSigHandler._changeNameCheck
DA:302,3
DA:302,3
DA:302,3
DA:304,3
DA:304,3
DA:304,3
DA:304,3
BRDA:304,37,0,1
BRDA:304,37,1,2
DA:305,1
DA:305,1
DA:307,2
DA:307,2
DA:307,2
DA:307,2
BRDA:307,38,0,1
BRDA:307,38,1,1
DA:308,1
DA:308,1
FN:312,MultiSigHandler.getLatestProposal
FNDA:1,MultiSigHandler.getLatestProposal
DA:313,1
DA:313,1
FN:316,MultiSigHandler.getProposalVotes
FNDA:1,MultiSigHandler.getProposalVotes
DA:317,1
DA:317,1
FN:320,MultiSigHandler.getProposalStatus
FNDA:5,MultiSigHandler.getProposalStatus
DA:321,5
DA:321,5
DA:321,5
FNF:18
FNH:18
LF:107
LH:102
BRF:78
BRH:64
end_of_record
TN:
SF:src/MultiSigWallet.sol
FN:100,MultiSigWallet.
FNDA:10,MultiSigWallet.
DA:108,10
DA:108,10
BRDA:108,0,0,7
BRDA:108,0,1,5
DA:109,7
DA:109,7
DA:112,3
DA:112,3
BRDA:112,1,0,2
BRDA:112,1,1,5
DA:113,2
DA:113,2
DA:116,5
DA:116,5
BRDA:116,2,0,-
BRDA:116,2,1,3
DA:117,0
DA:117,0
DA:121,3
DA:121,3
DA:121,3
DA:121,2
BRDA:121,3,0,1
BRDA:121,3,1,2
DA:122,1
DA:122,1
DA:126,2
DA:126,2
DA:126,12
DA:126,10
DA:127,10
DA:127,10
BRDA:127,4,0,2
BRDA:127,4,1,10
DA:128,2
DA:128,2
DA:130,10
DA:130,10
DA:130,10
BRDA:130,5,0,-
BRDA:130,5,1,10
DA:131,0
DA:131,0
DA:134,10
DA:134,10
DA:137,2
DA:137,2
DA:139,2
DA:139,2
DA:140,2
DA:140,2
DA:142,4
DA:142,4
FN:149,MultiSigWallet.onlyHandler
FNDA:2,MultiSigWallet.onlyHandler
DA:150,2
DA:150,2
BRDA:150,6,0,1
BRDA:150,6,1,8
DA:151,1
DA:151,1
FN:156,MultiSigWallet.onlyOwner
FNDA:35,MultiSigWallet.onlyOwner
DA:157,35
DA:157,35
BRDA:157,7,0,1
BRDA:157,7,1,10
DA:158,1
DA:158,1
FN:163,MultiSigWallet.onlyOriginator
FNDA:3,MultiSigWallet.onlyOriginator
DA:164,3
DA:164,3
BRDA:164,8,0,1
BRDA:164,8,1,2
DA:165,1
DA:165,1
FN:170,MultiSigWallet.TransactionExists
FNDA:34,MultiSigWallet.TransactionExists
DA:171,34
DA:171,34
BRDA:171,9,0,1
BRDA:171,9,1,9
DA:172,1
DA:172,1
FN:181,MultiSigWallet.submitERC20Transaction
FNDA:5,MultiSigWallet.submitERC20Transaction
DA:182,4
DA:182,4
DA:182,4
DA:182,4
BRDA:182,10,0,1
BRDA:182,10,1,3
DA:183,1
DA:183,1
DA:186,3
DA:186,3
DA:186,3
BRDA:186,11,0,1
BRDA:186,11,1,2
DA:187,1
DA:187,1
DA:189,2
DA:189,2
DA:191,2
DA:191,2
DA:191,2
DA:193,2
DA:193,2
DA:203,2
DA:203,2
DA:204,2
DA:204,2
FN:207,MultiSigWallet.submitRawTransaction
FNDA:20,MultiSigWallet.submitRawTransaction
DA:208,19
DA:208,19
DA:209,19
DA:209,19
DA:209,19
DA:217,19
DA:217,19
DA:219,19
DA:219,19
DA:220,19
DA:220,19
DA:221,19
DA:221,19
FN:224,MultiSigWallet.revokeTransaction
FNDA:4,MultiSigWallet.revokeTransaction
DA:229,2
DA:229,2
DA:230,2
DA:230,2
FN:233,MultiSigWallet.approveTransaction
FNDA:35,MultiSigWallet.approveTransaction
DA:234,33
DA:234,33
DA:236,33
DA:236,33
BRDA:236,12,0,1
BRDA:236,12,1,32
DA:237,1
DA:237,1
DA:240,32
DA:240,32
BRDA:240,13,0,1
BRDA:240,13,1,31
DA:241,1
DA:241,1
DA:243,31
DA:243,31
BRDA:243,14,0,1
BRDA:243,14,1,30
DA:244,1
DA:244,1
DA:247,30
DA:247,30
BRDA:247,15,0,1
BRDA:247,15,1,29
DA:248,1
DA:248,1
DA:249,1
DA:249,1
DA:252,29
DA:252,29
DA:253,29
DA:253,29
DA:255,29
DA:255,29
BRDA:255,16,0,-
BRDA:255,16,1,9
DA:256,9
DA:256,9
DA:258,29
DA:258,29
FN:261,MultiSigWallet.executeTransaction
FNDA:10,MultiSigWallet.executeTransaction
DA:267,9
DA:267,9
BRDA:267,17,0,1
BRDA:267,17,1,8
DA:268,1
DA:268,1
DA:271,8
DA:271,8
BRDA:271,18,0,1
BRDA:271,18,1,7
DA:272,1
DA:272,1
DA:275,7
DA:275,7
DA:277,7
DA:277,7
DA:277,7
DA:281,7
DA:281,7
BRDA:281,19,0,1
BRDA:281,19,1,6
DA:282,1
DA:282,1
DA:285,6
DA:285,6
DA:287,6
DA:287,6
FN:298,MultiSigWallet.addOwner
FNDA:6,MultiSigWallet.addOwner
DA:299,5
DA:299,5
DA:300,5
DA:300,5
DA:301,5
DA:301,5
FN:304,MultiSigWallet.removeOwner
FNDA:2,MultiSigWallet.removeOwner
DA:305,1
DA:305,1
DA:306,1
DA:306,1
DA:307,1
DA:307,1
FN:310,MultiSigWallet.changeRequiredApprovals
FNDA:9,MultiSigWallet.changeRequiredApprovals
DA:311,8
DA:311,8
FN:314,MultiSigWallet.changeName
FNDA:2,MultiSigWallet.changeName
DA:315,1
DA:315,1
FN:322,MultiSigWallet.getName
FNDA:5,MultiSigWallet.getName
DA:323,5
DA:323,5
FN:330,MultiSigWallet.isOwner
FNDA:25,MultiSigWallet.isOwner
DA:331,25
DA:331,25
FN:334,MultiSigWallet.getOwnersLength
FNDA:8,MultiSigWallet.getOwnersLength
DA:335,8
DA:335,8
FN:338,MultiSigWallet.getRequiredApprovals
FNDA:15,MultiSigWallet.getRequiredApprovals
DA:339,15
DA:339,15
FN:342,MultiSigWallet.getTransactionStatus
FNDA:5,MultiSigWallet.getTransactionStatus
DA:343,5
DA:343,5
DA:343,5
FN:346,MultiSigWallet.getTransactionApprovals
FNDA:1,MultiSigWallet.getTransactionApprovals
DA:347,1
DA:347,1
FN:350,MultiSigWallet.getTransaction
FNDA:1,MultiSigWallet.getTransaction
DA:355,1
DA:355,1
FN:364,MultiSigWallet.getTransactionsLength
FNDA:2,MultiSigWallet.getTransactionsLength
DA:365,2
DA:365,2
FN:368,MultiSigWallet.getBalance
FNDA:1,MultiSigWallet.getBalance
DA:369,1
DA:369,1
FN:372,MultiSigWallet.getERC20Balance
FNDA:1,MultiSigWallet.getERC20Balance
DA:373,1
DA:373,1
DA:373,1
FNF:24
FNH:24
LF:86
LH:84
BRF:40
BRH:37
end_of_record
TN:
SF:src/TestToken.sol
FN:7,TestToken.
FNDA:0,TestToken.
DA:8,0
DA:8,0
FNF:1
FNH:0
LF:1
LH:0
BRF:0
BRH:0
end_of_record
